[debug] > Exec(early(addDefaultCommands), None, None)
[debug] > Exec(addDefaultCommands, None, None)
[debug] > Exec(early(initialize), None, None)
[debug] > Exec(initialize, None, None)
[debug] > Exec(boot, None, None)
[debug] > Exec(writeSbtVersion, None, None)
[debug] > Exec(reload, None, None)
[debug] > Exec(sbtStashOnFailure, None, None)
[debug] > Exec(onFailure loadFailed, None, None)
[debug] > Exec(loadp, None, None)
[info] welcome to sbt 1.4.7 (Oracle Corporation Java 15.0.2)
[debug] Load.defaultLoad until apply took 824.7636ms
[debug]           Load.loadUnit: plugins took 153.4876ms
[debug]           Load.loadUnit: defsScala took 0.5227ms
[debug] [Loading] Scanning directory C:\Users\TURNTABL\IdeaProjects\scala_test_2\project
[debug] [Loading] Found non-root projects 
[debug] [Loading] Done in C:\Users\TURNTABL\IdeaProjects\scala_test_2\project, returning: ()
[debug] deducing auto plugins based on known facts Set(Atom(sbt.plugins.CorePlugin)) and clauses Clauses(List(Clause(Atom(sbt.plugins.JvmPlugin),Set(Atom(sbt.plugins.IvyPlugin))), Clause(Atom(sbt.ScriptedPlugin),Set(Atom(sbt.plugins.JvmPlugin))), Clause(Atom(sbt.plugins.SbtPlugin),Set(Atom(sbt.ScriptedPlugin))), Clause(Atom(sbt.plugins.SemanticdbPlugin),Set(Atom(sbt.plugins.JvmPlugin))), Clause(Atom(sbt.plugins.JUnitXmlReportPlugin),Set(Atom(sbt.plugins.JvmPlugin))), Clause(Atom(sbt.plugins.MiniDependencyTreePlugin),Set(Atom(sbt.plugins.JvmPlugin))), Clause(Atom(sbt.plugins.CorePlugin),Set(Atom(sbt.plugins.IvyPlugin))), Clause(Atom(sbt.plugins.IvyPlugin),Set(Atom(sbt.plugins.JvmPlugin))), Clause(Atom(sbt.plugins.JvmPlugin),Set(Atom(sbt.plugins.SemanticdbPlugin))), Clause(Atom(sbt.plugins.JvmPlugin),Set(Atom(sbt.plugins.JUnitXmlReportPlugin))), Clause(Atom(sbt.plugins.CorePlugin),Set(Atom(sbt.plugins.Giter8TemplatePlugin))), Clause(Atom(sbt.plugins.JvmPlugin),Set(Atom(sbt.plugins.MiniDependencyTreePlugin)))))
[debug]   :: deduced result: Matched(sbt.plugins.CorePlugin,sbt.plugins.Giter8TemplatePlugin,sbt.plugins.IvyPlugin,sbt.plugins.JvmPlugin,sbt.plugins.MiniDependencyTreePlugin,sbt.plugins.JUnitXmlReportPlugin,sbt.plugins.SemanticdbPlugin)
[debug] Plugins.deducer#function took 65.1133 ms
[debug]               Load.resolveProject(scala_test_2-build) took 86.3039ms
[debug]             Load.loadTransitive: finalizeProject(Project(id scala_test_2-build, base: C:\Users\TURNTABL\IdeaProjects\scala_test_2\project, plugins: List(<none>))) took 184.8271ms
[debug] [Loading] Done in C:\Users\TURNTABL\IdeaProjects\scala_test_2\project, returning: (scala_test_2-build)
[debug]           Load.loadUnit: loadedProjectsRaw took 215.7754ms
[debug]           Load.loadUnit: cleanEvalClasses took 0.3494ms
[debug]         Load.loadUnit(file:/C:/Users/TURNTABL/IdeaProjects/scala_test_2/project/, ...) took 383.2438ms
[debug]       Load.apply: load took 630.3679ms
[debug]       Load.apply: resolveProjects took 11.0211ms
[debug]       Load.apply: finalTransforms took 87.7891ms
[debug]       Load.apply: config.delegates took 10.5114ms
[debug]       Load.apply: Def.make(settings)... took 629.7336ms
[debug]       Load.apply: structureIndex took 170.8709ms
[debug]       Load.apply: mkStreams took 2.486ms
[info] loading project definition from C:\Users\TURNTABL\IdeaProjects\scala_test_2\project
[debug] Running task... Cancel: Signal, check cycles: false, forcegc: true
[debug]     Load.loadUnit: plugins took 11765.7801ms
[debug]     Load.loadUnit: defsScala took 0.0029ms
[debug] [Loading] Scanning directory C:\Users\TURNTABL\IdeaProjects\scala_test_2
[debug]       Load.loadUnit: mkEval took 8.3455ms
[debug] [Loading] Found non-root projects 
[debug] [Loading] Done in C:\Users\TURNTABL\IdeaProjects\scala_test_2, returning: ()
[debug] deducing auto plugins based on known facts Set(Atom(sbt.plugins.CorePlugin)) and clauses Clauses(List(Clause(Atom(sbt.plugins.JvmPlugin),Set(Atom(sbt.plugins.IvyPlugin))), Clause(Atom(sbt.ScriptedPlugin),Set(Atom(sbt.plugins.JvmPlugin))), Clause(Atom(sbt.plugins.SbtPlugin),Set(Atom(sbt.ScriptedPlugin))), Clause(Atom(sbt.plugins.SemanticdbPlugin),Set(Atom(sbt.plugins.JvmPlugin))), Clause(Atom(sbt.plugins.JUnitXmlReportPlugin),Set(Atom(sbt.plugins.JvmPlugin))), Clause(Atom(sbt.plugins.MiniDependencyTreePlugin),Set(Atom(sbt.plugins.JvmPlugin))), Clause(Atom(sbt.plugins.CorePlugin),Set(Atom(sbt.plugins.IvyPlugin))), Clause(Atom(sbt.plugins.IvyPlugin),Set(Atom(sbt.plugins.JvmPlugin))), Clause(Atom(sbt.plugins.JvmPlugin),Set(Atom(sbt.plugins.SemanticdbPlugin))), Clause(Atom(sbt.plugins.JvmPlugin),Set(Atom(sbt.plugins.JUnitXmlReportPlugin))), Clause(Atom(sbt.plugins.CorePlugin),Set(Atom(sbt.plugins.Giter8TemplatePlugin))), Clause(Atom(sbt.plugins.JvmPlugin),Set(Atom(sbt.plugins.MiniDependencyTreePlugin)))))
[debug]   :: deduced result: Matched(sbt.plugins.CorePlugin,sbt.plugins.Giter8TemplatePlugin,sbt.plugins.IvyPlugin,sbt.plugins.JvmPlugin,sbt.plugins.MiniDependencyTreePlugin,sbt.plugins.JUnitXmlReportPlugin,sbt.plugins.SemanticdbPlugin)
[debug] Plugins.deducer#function took 1.8618 ms
[info] loading settings for project scala_test_2 from build.sbt ...
[debug]         Load.resolveProject(scala_test_2) took 3.4569ms
[debug]       Load.loadTransitive: finalizeProject(Project(id scala_test_2, base: C:\Users\TURNTABL\IdeaProjects\scala_test_2, plugins: List(<none>))) took 6.0099ms
[debug] [Loading] Done in C:\Users\TURNTABL\IdeaProjects\scala_test_2, returning: (scala_test_2)
[debug]     Load.loadUnit: loadedProjectsRaw took 3290.2141ms
[debug]     Load.loadUnit: cleanEvalClasses took 11.8624ms
[debug]   Load.loadUnit(file:/C:/Users/TURNTABL/IdeaProjects/scala_test_2/, ...) took 15069.997ms
[debug] Load.apply: load took 15120.5633ms
[debug] Load.apply: resolveProjects took 0.1035ms
[debug] Load.apply: finalTransforms took 18.8294ms
[debug] Load.apply: config.delegates took 0.4873ms
[debug] Load.apply: Def.make(settings)... took 167.2772ms
[debug] Load.apply: structureIndex took 61.5885ms
[debug] Load.apply: mkStreams took 0.0023ms
[info] set current project to scala_test_2 (in build file:/C:/Users/TURNTABL/IdeaProjects/scala_test_2/)
[debug] > Exec(sbtPopOnFailure, None, None)
[debug] > Exec(resumeFromFailure, None, None)
[debug] > Exec(notifyUsersAboutShell, None, None)
[debug] > Exec(iflast shell, None, None)
[debug] > Exec(shell, None, None)
[info] sbt server started at local:sbt-server-7baa8141e30d84daa6d3
[info] started sbt server
